<?xml version="1.0" encoding="UTF-8"?>
<!-- Generated by org.testng.reporters.JUnitReportReporter -->
<testsuite hostname="HP-PRANJAL" failures="0" tests="3" name="testng.module2" time="0.005" errors="0" timestamp="2023-09-07T11:50:04 IST" skipped="0">
  <testcase classname="testng.module2" name="apiLoginCarLoan" time="0.002"/>
  <testcase classname="testng.module2" name="mobileLoginCarLoan" time="0.002"/>
  <testcase classname="testng.module2" name="webLoginCarLoan" time="0.001"/>
</testsuite> <!-- testng.module2 -->
