<?xml version="1.0" encoding="UTF-8"?>
<!-- Generated by org.testng.reporters.JUnitReportReporter -->
<testsuite hostname="hp-prashant" failures="0" tests="1" name="tests.registerModule" time="22.381" errors="0" timestamp="2023-10-09T23:10:24 IST" skipped="0">
  <testcase classname="tests.registerModule" name="register" time="22.381"/>
</testsuite> <!-- tests.registerModule -->
