<?xml version="1.0" encoding="UTF-8"?>
<!-- Generated by org.testng.reporters.JUnitReportReporter -->
<testsuite hostname="HP-PRANJAL" failures="0" tests="2" name="testng.module1" time="0.013" errors="0" timestamp="2023-09-07T11:50:04 IST" skipped="1">
  <testcase classname="testng.module1" name="test1" time="0.013"/>
  <testcase classname="testng.module1" name="test2">
    <skipped/>
  </testcase> <!-- test2 -->
</testsuite> <!-- testng.module1 -->
